
Running `apk add --no-cache ca-certificates tzdata` at 2025-12-18 00:39:59
apk-tools 3.0.3-r1, compiled for x86_64.
(1/2) Installing ca-certificates (20251003-r0)
(2/2) Installing tzdata (2025c-r0)
Executing busybox-1.37.0-r30.trigger
Executing ca-certificates-20251003-r0.trigger
OK: 8909 KiB in 18 packages

Running `apk add --no-cache --virtual .build-deps bluez-dev bzip2-dev dpkg-dev dpkg findutils gcc gdbm-dev gnupg libc-dev libffi-dev libnsl-dev libtirpc-dev linux-headers make ncurses-dev openssl-dev pax-utils readline-dev sqlite-dev tar tcl-dev tk tk-dev util-linux-dev xz xz-dev zlib-dev` at 2025-12-18 00:40:00
apk-tools 3.0.3-r1, compiled for x86_64.
(  1/150) Installing bluez-libs (5.85-r0)
(  2/150) Installing pkgconf (2.5.1-r0)
(  3/150) Installing bluez-dev (5.85-r0)
(  4/150) Installing libbz2 (1.0.8-r6)
(  5/150) Installing bzip2-dev (1.0.8-r6)
(  6/150) Installing perl (5.42.0-r0)
(  7/150) Installing dpkg-dev (1.22.21-r0)
(  8/150) Installing acl-libs (2.3.2-r1)
(  9/150) Installing tar (1.35-r4)
( 10/150) Installing xz-libs (5.8.1-r0)
( 11/150) Installing xz (5.8.1-r0)
( 12/150) Installing libmd (1.1.0-r0)
( 13/150) Installing dpkg (1.22.21-r0)
( 14/150) Installing findutils (4.10.0-r0)
( 15/150) Installing libgcc (15.2.0-r2)
( 16/150) Installing jansson (2.14.1-r0)
( 17/150) Installing libstdc++ (15.2.0-r2)
( 18/150) Installing zstd-libs (1.5.7-r2)
( 19/150) Installing binutils (2.45.1-r0)
( 20/150) Installing libgomp (15.2.0-r2)
( 21/150) Installing libatomic (15.2.0-r2)
( 22/150) Installing gmp (6.3.0-r4)
( 23/150) Installing isl26 (0.26-r1)
( 24/150) Installing mpfr4 (4.2.2-r0)
( 25/150) Installing mpc1 (1.3.1-r1)
( 26/150) Installing gcc (15.2.0-r2)
( 27/150) Installing gdbm (1.26-r0)
( 28/150) Installing gdbm-tools (1.26-r0)
( 29/150) Installing gdbm-dev (1.26-r0)
( 30/150) Installing libgpg-error (1.55-r0)
( 31/150) Installing libassuan (3.0.2-r0)
( 32/150) Installing ncurses-terminfo-base (6.5_p20251123-r0)
( 33/150) Installing libncursesw (6.5_p20251123-r0)
( 34/150) Installing pinentry (1.3.2-r0)
  Executing pinentry-1.3.2-r0.post-install
( 35/150) Installing libgcrypt (1.11.2-r0)
( 36/150) Installing gnupg-gpgconf (2.4.8-r1)
( 37/150) Installing brotli-libs (1.2.0-r0)
( 38/150) Installing nettle (3.10.2-r0)
( 39/150) Installing libunistring (1.4.1-r0)
( 40/150) Installing libidn2 (2.3.8-r0)
( 41/150) Installing libffi (3.5.2-r0)
( 42/150) Installing libtasn1 (4.20.0-r0)
( 43/150) Installing p11-kit (0.25.5-r2)
( 44/150) Installing gnutls (3.8.11-r0)
( 45/150) Installing libksba (1.6.7-r0)
( 46/150) Installing libsasl (2.1.28-r9)
( 47/150) Installing libldap (2.6.10-r0)
( 48/150) Installing npth (1.8-r0)
( 49/150) Installing gnupg-dirmngr (2.4.8-r1)
( 50/150) Installing sqlite-libs (3.51.1-r0)
( 51/150) Installing gnupg-keyboxd (2.4.8-r1)
( 52/150) Installing gpg (2.4.8-r1)
( 53/150) Installing gpg-agent (2.4.8-r1)
( 54/150) Installing gpg-wks-server (2.4.8-r1)
( 55/150) Installing gpgsm (2.4.8-r1)
( 56/150) Installing gpgv (2.4.8-r1)
( 57/150) Installing gnupg-utils (2.4.8-r1)
( 58/150) Installing gnupg-wks-client (2.4.8-r1)
( 59/150) Installing gnupg (2.4.8-r1)
( 60/150) Installing musl-dev (1.2.5-r21)
( 61/150) Installing linux-headers (6.16.12-r0)
( 62/150) Installing libffi-dev (3.5.2-r0)
( 63/150) Installing libintl (0.24.1-r1)
( 64/150) Installing libtirpc-conf (1.3.5-r1)
( 65/150) Installing krb5-conf (1.0-r2)
( 66/150) Installing libcom_err (1.47.3-r0)
( 67/150) Installing keyutils-libs (1.6.3-r4)
( 68/150) Installing libverto (0.3.2-r2)
( 69/150) Installing krb5-libs (1.22.1-r0)
( 70/150) Installing libtirpc (1.3.5-r1)
( 71/150) Installing libnsl (2.0.1-r1)
( 72/150) Installing bsd-compat-headers (0.7.2-r6)
( 73/150) Installing libeconf (0.8.0-r0)
( 74/150) Installing libblkid (2.41.2-r0)
( 75/150) Installing libuuid (2.41.2-r0)
( 76/150) Installing libfdisk (2.41.2-r0)
( 77/150) Installing liblastlog2 (2.41.2-r0)
( 78/150) Installing libmount (2.41.2-r0)
( 79/150) Installing libsmartcols (2.41.2-r0)
( 80/150) Installing readline (8.3.1-r0)
( 81/150) Installing sqlite (3.51.1-r0)
( 82/150) Installing sqlite-dev (3.51.1-r0)
( 83/150) Installing util-linux-dev (2.41.2-r0)
( 84/150) Installing gawk (5.3.2-r2)
( 85/150) Installing e2fsprogs-libs (1.47.3-r0)
( 86/150) Installing e2fsprogs-dev (1.47.3-r0)
( 87/150) Installing pcre2 (10.47-r0)
( 88/150) Installing glib (2.86.3-r0)
( 89/150) Installing libverto-glib (0.3.2-r2)
( 90/150) Installing libev (4.33-r1)
( 91/150) Installing libverto-libev (0.3.2-r2)
( 92/150) Installing libevent (2.1.12-r8)
( 93/150) Installing libverto-libevent (0.3.2-r2)
( 94/150) Installing libverto-dev (0.3.2-r2)
( 95/150) Installing krb5-server-ldap (1.22.1-r0)
( 96/150) Installing krb5-dev (1.22.1-r0)
( 97/150) Installing libtirpc-nokrb (1.3.5-r1)
( 98/150) Installing libtirpc-dev (1.3.5-r1)
( 99/150) Installing libnsl-dev (2.0.1-r1)
(100/150) Installing make (4.4.1-r3)
(101/150) Installing libformw (6.5_p20251123-r0)
(102/150) Installing libmenuw (6.5_p20251123-r0)
(103/150) Installing libpanelw (6.5_p20251123-r0)
(104/150) Installing libncurses++ (6.5_p20251123-r0)
(105/150) Installing ncurses-dev (6.5_p20251123-r0)
(106/150) Installing openssl-dev (3.5.4-r0)
(107/150) Installing libcap2 (2.77-r0)
(108/150) Installing pax-utils (1.3.8-r2)
(109/150) Installing libhistory (8.3.1-r0)
(110/150) Installing readline-dev (8.3.1-r0)
(111/150) Installing tcl (8.6.17-r0)
(112/150) Installing zlib-dev (1.3.1-r2)
(113/150) Installing tcl-dev (8.6.17-r0)
(114/150) Installing libxau (1.0.12-r0)
(115/150) Installing libbsd (0.12.2-r0)
(116/150) Installing libxdmcp (1.1.5-r1)
(117/150) Installing libxcb (1.17.0-r1)
(118/150) Installing libx11 (1.8.12-r1)
(119/150) Installing libxrender (0.9.12-r0)
(120/150) Installing libexpat (2.7.3-r0)
(121/150) Installing libpng (1.6.53-r0)
(122/150) Installing freetype (2.14.1-r0)
(123/150) Installing fontconfig (2.17.1-r0)
(124/150) Installing libxft (2.3.9-r0)
(125/150) Installing tk (8.6.17-r0)
(126/150) Installing expat (2.7.3-r0)
(127/150) Installing expat-dev (2.7.3-r0)
(128/150) Installing brotli (1.2.0-r0)
(129/150) Installing brotli-dev (1.2.0-r0)
(130/150) Installing libpng-dev (1.6.53-r0)
(131/150) Installing freetype-dev (2.14.1-r0)
(132/150) Installing fontconfig-dev (2.17.1-r0)
(133/150) Installing xorgproto (2024.1-r0)
(134/150) Installing libxau-dev (1.0.12-r0)
(135/150) Installing mpdecimal (4.0.1-r0)
(136/150) Installing python3 (3.12.12-r0)
(137/150) Installing python3-pycache-pyc0 (3.12.12-r0)
(138/150) Installing pyc (3.12.12-r0)
(139/150) Installing xcb-proto-pyc (1.17.0-r0)
(140/150) Installing python3-pyc (3.12.12-r0)
(141/150) Installing xcb-proto (1.17.0-r0)
(142/150) Installing libxdmcp-dev (1.1.5-r1)
(143/150) Installing libxcb-dev (1.17.0-r1)
(144/150) Installing xtrans (1.6.0-r0)
(145/150) Installing libx11-dev (1.8.12-r1)
(146/150) Installing libxrender-dev (0.9.12-r0)
(147/150) Installing libxft-dev (2.3.9-r0)
(148/150) Installing tk-dev (8.6.17-r0)
(149/150) Installing xz-dev (5.8.1-r0)
(150/150) Installing .build-deps (20251218.004000)
Executing busybox-1.37.0-r30.trigger
Executing glib-2.86.3-r0.trigger
OK: 333.9 MiB in 168 packages

Running `apk add --no-network --virtual .python-rundeps so:libbz2.so.1 so:libc.musl-x86_64.so.1 so:libcrypto.so.3 so:libffi.so.8 so:libgdbm.so.6 so:libgdbm_compat.so.4 so:liblzma.so.5 so:libncursesw.so.6 so:libnsl.so.3 so:libpanelw.so.6 so:libreadline.so.8 so:libsqlite3.so.0 so:libssl.so.3 so:libtirpc.so.3 so:libuuid.so.1 so:libz.so.1` at 2025-12-18 00:44:41
apk-tools 3.0.3-r1, compiled for x86_64.
WARNING: opening from cache https://dl-cdn.alpinelinux.org/alpine/v3.23/main/x86_64/APKINDEX.tar.gz: No such file or directory
WARNING: opening from cache https://dl-cdn.alpinelinux.org/alpine/v3.23/community/x86_64/APKINDEX.tar.gz: No such file or directory
(1/1) Installing .python-rundeps (20251218.004441)
OK: 333.9 MiB in 169 packages

Running `apk del --no-network .build-deps` at 2025-12-18 00:44:41
apk-tools 3.0.3-r1, compiled for x86_64.
WARNING: opening from cache https://dl-cdn.alpinelinux.org/alpine/v3.23/main/x86_64/APKINDEX.tar.gz: No such file or directory
WARNING: opening from cache https://dl-cdn.alpinelinux.org/alpine/v3.23/community/x86_64/APKINDEX.tar.gz: No such file or directory
(  1/131) Purging .build-deps (20251218.004000)
(  2/131) Purging bluez-dev (5.85-r0)
(  3/131) Purging bluez-libs (5.85-r0)
(  4/131) Purging dpkg-dev (1.22.21-r0)
(  5/131) Purging perl (5.42.0-r0)
(  6/131) Purging dpkg (1.22.21-r0)
(  7/131) Purging findutils (4.10.0-r0)
(  8/131) Purging gcc (15.2.0-r2)
(  9/131) Purging binutils (2.45.1-r0)
( 10/131) Purging libatomic (15.2.0-r2)
( 11/131) Purging libgomp (15.2.0-r2)
( 12/131) Purging gdbm-dev (1.26-r0)
( 13/131) Purging gdbm-tools (1.26-r0)
( 14/131) Purging gnupg (2.4.8-r1)
( 15/131) Purging gpg-wks-server (2.4.8-r1)
( 16/131) Purging gpgsm (2.4.8-r1)
( 17/131) Purging gpgv (2.4.8-r1)
( 18/131) Purging gnupg-utils (2.4.8-r1)
( 19/131) Purging gnupg-wks-client (2.4.8-r1)
( 20/131) Purging gpg (2.4.8-r1)
( 21/131) Purging gnupg-keyboxd (2.4.8-r1)
( 22/131) Purging gpg-agent (2.4.8-r1)
( 23/131) Purging gnupg-dirmngr (2.4.8-r1)
( 24/131) Purging gnupg-gpgconf (2.4.8-r1)
( 25/131) Purging pinentry (1.3.2-r0)
( 26/131) Purging libffi-dev (3.5.2-r0)
( 27/131) Purging libnsl-dev (2.0.1-r1)
( 28/131) Purging libtirpc-dev (1.3.5-r1)
( 29/131) Purging bsd-compat-headers (0.7.2-r6)
( 30/131) Purging libtirpc-nokrb (1.3.5-r1)
( 31/131) Purging linux-headers (6.16.12-r0)
( 32/131) Purging make (4.4.1-r3)
( 33/131) Purging pax-utils (1.3.8-r2)
( 34/131) Purging readline-dev (8.3.1-r0)
( 35/131) Purging libhistory (8.3.1-r0)
( 36/131) Purging tar (1.35-r4)
( 37/131) Purging tk-dev (8.6.17-r0)
( 38/131) Purging libxft-dev (2.3.9-r0)
( 39/131) Purging tk (8.6.17-r0)
( 40/131) Purging xz-dev (5.8.1-r0)
( 41/131) Purging xz (5.8.1-r0)
( 42/131) Purging acl-libs (2.3.2-r1)
( 43/131) Purging fontconfig-dev (2.17.1-r0)
( 44/131) Purging freetype-dev (2.14.1-r0)
( 45/131) Purging gnutls (3.8.11-r0)
( 46/131) Purging isl26 (0.26-r1)
( 47/131) Purging jansson (2.14.1-r0)
( 48/131) Purging libassuan (3.0.2-r0)
( 49/131) Purging libcap2 (2.77-r0)
( 50/131) Purging libgcrypt (1.11.2-r0)
( 51/131) Purging libidn2 (2.3.8-r0)
( 52/131) Purging libksba (1.6.7-r0)
( 53/131) Purging libpng-dev (1.6.53-r0)
( 54/131) Purging libunistring (1.4.1-r0)
( 55/131) Purging libxft (2.3.9-r0)
( 56/131) Purging libxrender-dev (0.9.12-r0)
( 57/131) Purging libxrender (0.9.12-r0)
( 58/131) Purging mpc1 (1.3.1-r1)
( 59/131) Purging mpfr4 (4.2.2-r0)
( 60/131) Purging musl-dev (1.2.5-r21)
( 61/131) Purging nettle (3.10.2-r0)
( 62/131) Purging npth (1.8-r0)
( 63/131) Purging p11-kit (0.25.5-r2)
( 64/131) Purging python3-pyc (3.12.12-r0)
( 65/131) Purging python3-pycache-pyc0 (3.12.12-r0)
( 66/131) Purging xcb-proto-pyc (1.17.0-r0)
( 67/131) Purging pyc (3.12.12-r0)
( 68/131) Purging tcl-dev (8.6.17-r0)
( 69/131) Purging tcl (8.6.17-r0)
( 70/131) Purging zlib-dev (1.3.1-r2)
( 71/131) Purging zstd-libs (1.5.7-r2)
( 72/131) Purging brotli-dev (1.2.0-r0)
( 73/131) Purging brotli (1.2.0-r0)
( 74/131) Purging fontconfig (2.17.1-r0)
( 75/131) Purging freetype (2.14.1-r0)
( 76/131) Purging brotli-libs (1.2.0-r0)
( 77/131) Purging bzip2-dev (1.0.8-r6)
( 78/131) Purging krb5-dev (1.22.1-r0)
( 79/131) Purging krb5-server-ldap (1.22.1-r0)
( 80/131) Purging e2fsprogs-dev (1.47.3-r0)
( 81/131) Purging gawk (5.3.2-r2)
( 82/131) Purging e2fsprogs-libs (1.47.3-r0)
( 83/131) Purging expat-dev (2.7.3-r0)
( 84/131) Purging expat (2.7.3-r0)
( 85/131) Purging libverto-dev (0.3.2-r2)
( 86/131) Purging libverto-libev (0.3.2-r2)
( 87/131) Purging libverto-libevent (0.3.2-r2)
( 88/131) Purging libverto-glib (0.3.2-r2)
( 89/131) Purging glib (2.86.3-r0)
( 90/131) Purging gmp (6.3.0-r4)
( 91/131) Purging util-linux-dev (2.41.2-r0)
( 92/131) Purging libfdisk (2.41.2-r0)
( 93/131) Purging liblastlog2 (2.41.2-r0)
( 94/131) Purging libmount (2.41.2-r0)
( 95/131) Purging libsmartcols (2.41.2-r0)
( 96/131) Purging libblkid (2.41.2-r0)
( 97/131) Purging libx11-dev (1.8.12-r1)
( 98/131) Purging xtrans (1.6.0-r0)
( 99/131) Purging libx11 (1.8.12-r1)
(100/131) Purging libxcb-dev (1.17.0-r1)
(101/131) Purging xcb-proto (1.17.0-r0)
(102/131) Purging python3 (3.12.12-r0)
(103/131) Purging libxcb (1.17.0-r1)
(104/131) Purging libxdmcp-dev (1.1.5-r1)
(105/131) Purging libxdmcp (1.1.5-r1)
(106/131) Purging libbsd (0.12.2-r0)
(107/131) Purging libeconf (0.8.0-r0)
(108/131) Purging libev (4.33-r1)
(109/131) Purging libevent (2.1.12-r8)
(110/131) Purging libexpat (2.7.3-r0)
(111/131) Purging ncurses-dev (6.5_p20251123-r0)
(112/131) Purging libncurses++ (6.5_p20251123-r0)
(113/131) Purging libformw (6.5_p20251123-r0)
(114/131) Purging mpdecimal (4.0.1-r0)
(115/131) Purging libstdc++ (15.2.0-r2)
(116/131) Purging libgcc (15.2.0-r2)
(117/131) Purging libgpg-error (1.55-r0)
(118/131) Purging libldap (2.6.10-r0)
(119/131) Purging libmd (1.1.0-r0)
(120/131) Purging libmenuw (6.5_p20251123-r0)
(121/131) Purging libpng (1.6.53-r0)
(122/131) Purging libsasl (2.1.28-r9)
(123/131) Purging libtasn1 (4.20.0-r0)
(124/131) Purging libxau-dev (1.0.12-r0)
(125/131) Purging libxau (1.0.12-r0)
(126/131) Purging openssl-dev (3.5.4-r0)
(127/131) Purging pcre2 (10.47-r0)
(128/131) Purging xorgproto (2024.1-r0)
(129/131) Purging sqlite-dev (3.51.1-r0)
(130/131) Purging sqlite (3.51.1-r0)
(131/131) Purging pkgconf (2.5.1-r0)
Executing busybox-1.37.0-r30.trigger
OK: 13.5 MiB in 38 packages
